\BOOKMARK [1][-]{section*.4}{\376\377\000G\000l\000o\000s\000s\000a\000r\000y}{}% 1
\BOOKMARK [1][-]{section*.5}{\376\377\000I\000n\000t\000r\000o\000d\000u\000c\000t\000i\000o\000n}{}% 2
\BOOKMARK [1][-]{section.1}{\376\377\000I\000n\000t\000r\000o\000d\000u\000c\000t\000i\000o\000n\000\040\000a\000n\000d\000\040\000P\000r\000o\000j\000e\000c\000t\000\040\000C\000o\000n\000t\000e\000x\000t}{}% 3
\BOOKMARK [2][-]{subsection.1.1}{\376\377\000I\000n\000t\000r\000o\000d\000u\000c\000t\000i\000o\000n}{section.1}% 4
\BOOKMARK [2][-]{subsection.1.2}{\376\377\000H\000o\000s\000t\000\040\000C\000o\000m\000p\000a\000n\000y\000\040\000a\000n\000d\000\040\000A\000r\000e\000a\000s\000\040\000o\000f\000\040\000E\000x\000p\000e\000r\000t\000i\000s\000e}{section.1}% 5
\BOOKMARK [2][-]{subsection.1.3}{\376\377\000P\000r\000o\000j\000e\000c\000t\000\040\000O\000v\000e\000r\000v\000i\000e\000w}{section.1}% 6
\BOOKMARK [2][-]{subsection.1.4}{\376\377\000P\000r\000o\000b\000l\000e\000m\000\040\000S\000t\000a\000t\000e\000m\000e\000n\000t}{section.1}% 7
\BOOKMARK [2][-]{subsection.1.5}{\376\377\000O\000b\000j\000e\000c\000t\000i\000v\000e\000s}{section.1}% 8
\BOOKMARK [2][-]{subsection.1.6}{\376\377\000T\000e\000c\000h\000n\000o\000l\000o\000g\000y\000\040\000C\000h\000o\000i\000c\000e\000s}{section.1}% 9
\BOOKMARK [3][-]{subsubsection.1.6.1}{\376\377\000D\000e\000v\000e\000l\000o\000p\000m\000e\000n\000t\000\040\000F\000r\000a\000m\000e\000w\000o\000r\000k\000s\000\040\000a\000n\000d\000\040\000D\000e\000v\000\040\000E\000n\000v\000i\000r\000o\000n\000m\000e\000n\000t}{subsection.1.6}% 10
\BOOKMARK [3][-]{subsubsection.1.6.2}{\376\377\000L\000L\000M\000\040\000a\000n\000d\000\040\000S\000L\000M\000\040\000P\000r\000o\000v\000i\000d\000e\000r\000s}{subsection.1.6}% 11
\BOOKMARK [3][-]{subsubsection.1.6.3}{\376\377\000D\000a\000t\000a\000b\000a\000s\000e\000,\000\040\000S\000t\000o\000r\000a\000g\000e\000,\000\040\000a\000n\000d\000\040\000E\000x\000p\000e\000r\000i\000m\000e\000n\000t\000\040\000T\000r\000a\000c\000k\000i\000n\000g}{subsection.1.6}% 12
\BOOKMARK [3][-]{subsubsection.1.6.4}{\376\377\000D\000e\000p\000l\000o\000y\000m\000e\000n\000t\000\040\000a\000n\000d\000\040\000C\000o\000n\000t\000a\000i\000n\000e\000r\000i\000z\000a\000t\000i\000o\000n}{subsection.1.6}% 13
\BOOKMARK [3][-]{subsubsection.1.6.5}{\376\377\000O\000b\000s\000e\000r\000v\000a\000b\000i\000l\000i\000t\000y\000\040\000a\000n\000d\000\040\000M\000o\000n\000i\000t\000o\000r\000i\000n\000g}{subsection.1.6}% 14
\BOOKMARK [2][-]{subsection.1.7}{\376\377\000M\000e\000t\000h\000o\000d\000o\000l\000o\000g\000y}{section.1}% 15
\BOOKMARK [3][-]{subsubsection.1.7.1}{\376\377\000M\000e\000t\000h\000o\000d\000o\000l\000o\000g\000i\000c\000a\000l\000\040\000A\000p\000p\000r\000o\000a\000c\000h\000e\000s\000\040\000C\000o\000n\000s\000i\000d\000e\000r\000e\000d}{subsection.1.7}% 16
\BOOKMARK [3][-]{subsubsection.1.7.2}{\376\377\000S\000c\000r\000u\000m\000\040\000A\000g\000i\000l\000e\000\040\000M\000e\000t\000h\000o\000d\000o\000l\000o\000g\000y}{subsection.1.7}% 17
\BOOKMARK [3][-]{subsubsection.1.7.3}{\376\377\000I\000B\000M\000\040\000D\000a\000t\000a\000\040\000S\000c\000i\000e\000n\000c\000e\000\040\000M\000e\000t\000h\000o\000d\000o\000l\000o\000g\000y\000\040\040\023\000\040\000T\000h\000e\000\040\000F\000o\000u\000n\000d\000a\000t\000i\000o\000n\000a\000l\000\040\000M\000e\000t\000h\000o\000d\000o\000l\000o\000g\000y}{subsection.1.7}% 18
\BOOKMARK [3][-]{subsubsection.1.7.4}{\376\377\000I\000B\000M\000\040\000A\000g\000e\000n\000t\000\040\000D\000e\000v\000e\000l\000o\000p\000m\000e\000n\000t\000\040\000L\000i\000f\000e\000c\000y\000c\000l\000e}{subsection.1.7}% 19
\BOOKMARK [3][-]{subsubsection.1.7.5}{\376\377\000C\000o\000m\000p\000a\000r\000a\000t\000i\000v\000e\000\040\000A\000n\000a\000l\000y\000s\000i\000s\000\040\000o\000f\000\040\000t\000h\000e\000\040\000M\000e\000t\000h\000o\000d\000o\000l\000o\000g\000i\000e\000s}{subsection.1.7}% 20
\BOOKMARK [3][-]{subsubsection.1.7.6}{\376\377\000A\000d\000o\000p\000t\000e\000d\000\040\000H\000y\000b\000r\000i\000d\000\040\000M\000e\000t\000h\000o\000d\000o\000l\000o\000g\000y\000\040\000f\000o\000r\000\040\000t\000h\000e\000\040\000V\000I\000P\000\040\000P\000r\000o\000j\000e\000c\000t}{subsection.1.7}% 21
\BOOKMARK [2][-]{subsection.1.8}{\376\377\000P\000r\000o\000j\000e\000c\000t\000\040\000T\000i\000m\000e\000l\000i\000n\000e}{section.1}% 22
\BOOKMARK [2][-]{subsection.1.9}{\376\377\000S\000u\000m\000m\000a\000r\000y}{section.1}% 23
\BOOKMARK [1][-]{section.2}{\376\377\000S\000t\000a\000t\000e\000\040\000o\000f\000\040\000t\000h\000e\000\040\000A\000r\000t}{}% 24
\BOOKMARK [2][-]{subsection.2.1}{\376\377\000S\000t\000a\000t\000e\000\040\000o\000f\000\040\000t\000h\000e\000\040\000A\000r\000t\000\040\000o\000f\000\040\000A\000I\000\040\000A\000g\000e\000n\000t\000s\000\040\000a\000n\000d\000\040\000O\000r\000c\000h\000e\000s\000t\000r\000a\000t\000i\000o\000n}{section.2}% 25
\BOOKMARK [3][-]{subsubsection.2.1.1}{\376\377\000D\000e\000f\000i\000n\000i\000n\000g\000\040\000A\000I\000\040\000A\000g\000e\000n\000t\000s}{subsection.2.1}% 26
\BOOKMARK [3][-]{subsubsection.2.1.2}{\376\377\000S\000t\000r\000u\000c\000t\000u\000r\000e\000\040\000o\000f\000\040\000A\000I\000\040\000A\000g\000e\000n\000t\000s}{subsection.2.1}% 27
\BOOKMARK [2][-]{subsection.2.2}{\376\377\000P\000r\000e\000l\000i\000m\000i\000n\000a\000r\000y\000\040\000S\000t\000u\000d\000y\000\040\000a\000n\000d\000\040\000P\000r\000o\000j\000e\000c\000t\000\040\000S\000p\000e\000c\000i\000f\000i\000c\000a\000t\000i\000o\000n\000s\000\040\000o\000f\000\040\000t\000h\000e\000\040\000V\000I\000P\000\040\000P\000r\000o\000j\000e\000c\000t}{section.2}% 28
\BOOKMARK [3][-]{subsubsection.2.2.1}{\376\377\000P\000r\000o\000b\000l\000e\000m\000\040\000S\000t\000a\000t\000e\000m\000e\000n\000t}{subsection.2.2}% 29
\BOOKMARK [3][-]{subsubsection.2.2.2}{\376\377\000B\000u\000s\000i\000n\000e\000s\000s\000\040\000O\000b\000j\000e\000c\000t\000i\000v\000e\000s}{subsection.2.2}% 30
\BOOKMARK [3][-]{subsubsection.2.2.3}{\376\377\000T\000e\000c\000h\000n\000i\000c\000a\000l\000\040\000O\000b\000j\000e\000c\000t\000i\000v\000e\000s}{subsection.2.2}% 31
\BOOKMARK [3][-]{subsubsection.2.2.4}{\376\377\000F\000u\000n\000c\000t\000i\000o\000n\000a\000l\000\040\000a\000n\000d\000\040\000N\000o\000n\000-\000F\000u\000n\000c\000t\000i\000o\000n\000a\000l\000\040\000R\000e\000q\000u\000i\000r\000e\000m\000e\000n\000t\000s}{subsection.2.2}% 32
\BOOKMARK [4][-]{paragraph.2.2.4.1}{\376\377\000F\000u\000n\000c\000t\000i\000o\000n\000a\000l\000\040\000R\000e\000q\000u\000i\000r\000e\000m\000e\000n\000t\000s}{subsubsection.2.2.4}% 33
\BOOKMARK [4][-]{paragraph.2.2.4.2}{\376\377\000N\000o\000n\000-\000F\000u\000n\000c\000t\000i\000o\000n\000a\000l\000\040\000R\000e\000q\000u\000i\000r\000e\000m\000e\000n\000t\000s}{subsubsection.2.2.4}% 34
\BOOKMARK [3][-]{subsubsection.2.2.5}{\376\377\000S\000u\000c\000c\000e\000s\000s\000\040\000C\000r\000i\000t\000e\000r\000i\000a}{subsection.2.2}% 35
\BOOKMARK [2][-]{subsection.2.3}{\376\377\000C\000o\000m\000p\000a\000r\000i\000s\000o\000n\000\040\000o\000f\000\040\000E\000x\000i\000s\000t\000i\000n\000g\000\040\000P\000l\000a\000t\000f\000o\000r\000m\000s}{section.2}% 36
\BOOKMARK [3][-]{subsubsection.2.3.1}{\376\377\000E\000v\000a\000l\000u\000a\000t\000i\000o\000n\000\040\000C\000r\000i\000t\000e\000r\000i\000a\000\040\000D\000e\000r\000i\000v\000e\000d\000\040\000f\000r\000o\000m\000\040\000V\000I\000P\000\040\000R\000e\000q\000u\000i\000r\000e\000m\000e\000n\000t\000s}{subsection.2.3}% 37
\BOOKMARK [3][-]{subsubsection.2.3.2}{\376\377\000C\000o\000m\000p\000a\000r\000a\000t\000i\000v\000e\000\040\000S\000t\000u\000d\000y\000\040\000o\000f\000\040\000n\0008\000n\000,\000\040\000C\000r\000e\000w\000A\000I\000\040\000a\000n\000d\000\040\000D\000i\000f\000y}{subsection.2.3}% 38
\BOOKMARK [4][-]{paragraph.2.3.2.1}{\376\377\000n\0008\000n}{subsubsection.2.3.2}% 39
\BOOKMARK [4][-]{paragraph.2.3.2.2}{\376\377\000C\000r\000e\000w\000A\000I}{subsubsection.2.3.2}% 40
\BOOKMARK [4][-]{paragraph.2.3.2.3}{\376\377\000D\000i\000f\000y}{subsubsection.2.3.2}% 41
\BOOKMARK [3][-]{subsubsection.2.3.3}{\376\377\000C\000o\000m\000p\000a\000r\000a\000t\000i\000v\000e\000\040\000S\000y\000n\000t\000h\000e\000s\000i\000s\000\040\000a\000n\000d\000\040\000V\000I\000P\000\040\000P\000o\000s\000i\000t\000i\000o\000n\000i\000n\000g}{subsection.2.3}% 42
\BOOKMARK [2][-]{subsection.2.4}{\376\377\000P\000r\000e\000l\000i\000m\000i\000n\000a\000r\000y\000\040\000S\000t\000u\000d\000y\000\040\000o\000f\000\040\000t\000h\000e\000\040\000S\000L\000M\000-\000E\000v\000a\000l\000s\000\040\000S\000e\000c\000o\000n\000d\000\040\000P\000r\000o\000j\000e\000c\000t}{section.2}% 43
\BOOKMARK [3][-]{subsubsection.2.4.1}{\376\377\000W\000h\000a\000t\000\040\000a\000r\000e\000\040\000l\000a\000n\000g\000u\000a\000g\000e\000\040\000m\000o\000d\000e\000l\000s\000?}{subsection.2.4}% 44
\BOOKMARK [3][-]{subsubsection.2.4.2}{\376\377\000W\000h\000a\000t\000\040\000i\000s\000\040\000a\000n\000\040\000L\000L\000M\000?}{subsection.2.4}% 45
\BOOKMARK [3][-]{subsubsection.2.4.3}{\376\377\000W\000h\000a\000t\000\040\000i\000s\000\040\000a\000n\000\040\000S\000L\000M\000?}{subsection.2.4}% 46
\BOOKMARK [3][-]{subsubsection.2.4.4}{\376\377\000M\000o\000t\000i\000v\000a\000t\000i\000o\000n\000\040\000o\000f\000\040\000t\000h\000e\000\040\000S\000L\000M\000-\000E\000v\000a\000l\000s\000\040\000S\000e\000c\000o\000n\000d\000\040\000P\000r\000o\000j\000e\000c\000t}{subsection.2.4}% 47
\BOOKMARK [3][-]{subsubsection.2.4.5}{\376\377\000P\000r\000o\000v\000i\000d\000e\000r\000\040\000a\000n\000d\000\040\000M\000o\000d\000e\000l\000\040\000E\000v\000a\000l\000u\000a\000t\000i\000o\000n\000\040\000N\000e\000e\000d}{subsection.2.4}% 48
\BOOKMARK [2][-]{subsection.2.5}{\376\377\000C\000h\000a\000p\000t\000e\000r\000\040\000S\000u\000m\000m\000a\000r\000y}{section.2}% 49
\BOOKMARK [1][-]{section.3}{\376\377\000S\000y\000s\000t\000e\000m\000\040\000D\000e\000s\000i\000g\000n\000\040\000a\000n\000d\000\040\000A\000r\000c\000h\000i\000t\000e\000c\000t\000u\000r\000e}{}% 50
\BOOKMARK [2][-]{subsection.3.1}{\376\377\000I\000n\000t\000r\000o\000d\000u\000c\000t\000i\000o\000n}{section.3}% 51
\BOOKMARK [2][-]{subsection.3.2}{\376\377\000A\000r\000c\000h\000i\000t\000e\000c\000t\000u\000r\000a\000l\000\040\000V\000i\000s\000i\000o\000n\000\040\000o\000f\000\040\000V\000I\000P}{section.3}% 52
\BOOKMARK [3][-]{subsubsection.3.2.1}{\376\377\000F\000r\000o\000m\000\040\000F\000r\000a\000g\000m\000e\000n\000t\000e\000d\000\040\000A\000I\000\040\000S\000o\000l\000u\000t\000i\000o\000n\000s\000\040\000t\000o\000\040\000a\000n\000\040\000A\000g\000e\000n\000t\000i\000c\000\040\000H\000u\000b}{subsection.3.2}% 53
\BOOKMARK [3][-]{subsubsection.3.2.2}{\376\377\000M\000a\000i\000n\000\040\000A\000r\000c\000h\000i\000t\000e\000c\000t\000u\000r\000a\000l\000\040\000P\000r\000i\000n\000c\000i\000p\000l\000e\000s}{subsection.3.2}% 54
\BOOKMARK [2][-]{subsection.3.3}{\376\377\000G\000l\000o\000b\000a\000l\000\040\000A\000r\000c\000h\000i\000t\000e\000c\000t\000u\000r\000e\000\040\000o\000f\000\040\000t\000h\000e\000\040\000V\000I\000P\000\040\000P\000l\000a\000t\000f\000o\000r\000m}{section.3}% 55
\BOOKMARK [3][-]{subsubsection.3.3.1}{\376\377\000S\000y\000s\000t\000e\000m\000\040\000C\000o\000n\000t\000e\000x\000t\000\040\000V\000i\000e\000w}{subsection.3.3}% 56
\BOOKMARK [3][-]{subsubsection.3.3.2}{\376\377\000C\000o\000n\000t\000a\000i\000n\000e\000r\000\040\000V\000i\000e\000w}{subsection.3.3}% 57
\BOOKMARK [3][-]{subsubsection.3.3.3}{\376\377\000M\000a\000i\000n\000\040\000P\000l\000a\000t\000f\000o\000r\000m\000\040\000C\000o\000m\000p\000o\000n\000e\000n\000t\000s}{subsection.3.3}% 58
\BOOKMARK [2][-]{subsection.3.4}{\376\377\000A\000g\000e\000n\000t\000\040\000L\000i\000f\000e\000c\000y\000c\000l\000e\000\040\000A\000r\000c\000h\000i\000t\000e\000c\000t\000u\000r\000e}{section.3}% 59
\BOOKMARK [3][-]{subsubsection.3.4.1}{\376\377\000C\000o\000n\000f\000i\000g\000u\000r\000a\000t\000i\000o\000n\000-\000D\000r\000i\000v\000e\000n\000\040\000A\000g\000e\000n\000t\000\040\000C\000r\000e\000a\000t\000i\000o\000n}{subsection.3.4}% 60
\BOOKMARK [3][-]{subsubsection.3.4.2}{\376\377\000A\000g\000e\000n\000t\000\040\000G\000e\000n\000e\000r\000a\000t\000i\000o\000n\000\040\000P\000i\000p\000e\000l\000i\000n\000e}{subsection.3.4}% 61
\BOOKMARK [3][-]{subsubsection.3.4.3}{\376\377\000A\000g\000e\000n\000t\000\040\000R\000u\000n\000t\000i\000m\000e\000\040\000C\000o\000n\000t\000r\000a\000c\000t}{subsection.3.4}% 62
\BOOKMARK [3][-]{subsubsection.3.4.4}{\376\377\000A\000g\000e\000n\000t\000\040\000L\000i\000f\000e\000c\000y\000c\000l\000e\000\040\000S\000u\000m\000m\000a\000r\000y}{subsection.3.4}% 63
\BOOKMARK [2][-]{subsection.3.5}{\376\377\000A\000g\000e\000n\000t\000\040\000F\000a\000c\000t\000o\000r\000y\000\040\000A\000r\000c\000h\000i\000t\000e\000c\000t\000u\000r\000e}{section.3}% 64
\BOOKMARK [3][-]{subsubsection.3.5.1}{\376\377\000R\000o\000l\000e\000\040\000o\000f\000\040\000t\000h\000e\000\040\000A\000g\000e\000n\000t\000\040\000F\000a\000c\000t\000o\000r\000y}{subsection.3.5}% 65
\BOOKMARK [3][-]{subsubsection.3.5.2}{\376\377\000A\000g\000e\000n\000t\000\040\000C\000o\000n\000f\000i\000g\000u\000r\000a\000t\000i\000o\000n\000\040\000I\000n\000p\000u\000t}{subsection.3.5}% 66
\BOOKMARK [3][-]{subsubsection.3.5.3}{\376\377\000T\000o\000o\000l\000\040\000S\000e\000l\000e\000c\000t\000i\000o\000n\000\040\000M\000e\000c\000h\000a\000n\000i\000s\000m}{subsection.3.5}% 67
\BOOKMARK [3][-]{subsubsection.3.5.4}{\376\377\000D\000e\000p\000e\000n\000d\000e\000n\000c\000y\000\040\000a\000n\000d\000\040\000P\000a\000c\000k\000a\000g\000e\000\040\000R\000e\000s\000o\000l\000u\000t\000i\000o\000n\000\040\000S\000t\000r\000a\000t\000e\000g\000y}{subsection.3.5}% 68
\BOOKMARK [3][-]{subsubsection.3.5.5}{\376\377\000G\000e\000n\000e\000r\000a\000t\000e\000d\000\040\000A\000g\000e\000n\000t\000\040\000R\000u\000n\000t\000i\000m\000e\000\040\000S\000t\000r\000u\000c\000t\000u\000r\000e}{subsection.3.5}% 69
\BOOKMARK [3][-]{subsubsection.3.5.6}{\376\377\000R\000u\000n\000t\000i\000m\000e\000\040\000M\000e\000t\000a\000d\000a\000t\000a\000\040\000a\000n\000d\000\040\000A\000g\000e\000n\000t\000\040\000R\000e\000g\000i\000s\000t\000r\000y}{subsection.3.5}% 70
\BOOKMARK [2][-]{subsection.3.6}{\376\377\000O\000r\000c\000h\000e\000s\000t\000r\000a\000t\000o\000r\000\040\000A\000r\000c\000h\000i\000t\000e\000c\000t\000u\000r\000e}{section.3}% 71
\BOOKMARK [3][-]{subsubsection.3.6.1}{\376\377\000R\000o\000l\000e\000\040\000o\000f\000\040\000t\000h\000e\000\040\000O\000r\000c\000h\000e\000s\000t\000r\000a\000t\000o\000r}{subsection.3.6}% 72
\BOOKMARK [3][-]{subsubsection.3.6.2}{\376\377\000W\000o\000r\000k\000f\000l\000o\000w\000\040\000D\000e\000f\000i\000n\000i\000t\000i\000o\000n}{subsection.3.6}% 73
\BOOKMARK [3][-]{subsubsection.3.6.3}{\376\377\000S\000c\000h\000e\000m\000a\000-\000B\000a\000s\000e\000d\000\040\000C\000o\000m\000m\000u\000n\000i\000c\000a\000t\000i\000o\000n}{subsection.3.6}% 74
\BOOKMARK [3][-]{subsubsection.3.6.4}{\376\377\000A\000d\000a\000p\000t\000e\000r\000\040\000R\000o\000l\000e\000\040\000i\000n\000\040\000W\000o\000r\000k\000f\000l\000o\000w\000\040\000E\000x\000e\000c\000u\000t\000i\000o\000n}{subsection.3.6}% 75
\BOOKMARK [2][-]{subsection.3.7}{\376\377\000D\000a\000t\000a\000,\000\040\000S\000t\000o\000r\000a\000g\000e\000,\000\040\000a\000n\000d\000\040\000G\000o\000v\000e\000r\000n\000a\000n\000c\000e\000\040\000A\000r\000c\000h\000i\000t\000e\000c\000t\000u\000r\000e}{section.3}% 76
\BOOKMARK [3][-]{subsubsection.3.7.1}{\376\377\000P\000o\000s\000t\000g\000r\000e\000S\000Q\000L\000\040\000M\000e\000t\000a\000d\000a\000t\000a\000\040\000S\000t\000o\000r\000a\000g\000e}{subsection.3.7}% 77
\BOOKMARK [3][-]{subsubsection.3.7.2}{\376\377\000M\000L\000f\000l\000o\000w\000-\000B\000a\000s\000e\000d\000\040\000P\000r\000o\000m\000p\000t\000\040\000a\000n\000d\000\040\000S\000c\000h\000e\000m\000a\000\040\000M\000a\000n\000a\000g\000e\000m\000e\000n\000t}{subsection.3.7}% 78
\BOOKMARK [3][-]{subsubsection.3.7.3}{\376\377\000P\000r\000o\000v\000i\000d\000e\000r\000\040\000a\000n\000d\000\040\000M\000o\000d\000e\000l\000\040\000C\000o\000n\000f\000i\000g\000u\000r\000a\000t\000i\000o\000n}{subsection.3.7}% 79
\BOOKMARK [3][-]{subsubsection.3.7.4}{\376\377\000T\000r\000a\000c\000e\000a\000b\000i\000l\000i\000t\000y\000\040\000a\000n\000d\000\040\000C\000u\000r\000r\000e\000n\000t\000\040\000P\000e\000r\000s\000i\000s\000t\000e\000n\000c\000e\000\040\000L\000i\000m\000i\000t\000s}{subsection.3.7}% 80
\BOOKMARK [2][-]{subsection.3.8}{\376\377\000D\000e\000p\000l\000o\000y\000m\000e\000n\000t\000\040\000A\000r\000c\000h\000i\000t\000e\000c\000t\000u\000r\000e}{section.3}% 81
\BOOKMARK [3][-]{subsubsection.3.8.1}{\376\377\000D\000o\000c\000k\000e\000r\000i\000z\000e\000d\000\040\000A\000g\000e\000n\000t\000\040\000S\000e\000r\000v\000i\000c\000e\000s}{subsection.3.8}% 82
\BOOKMARK [3][-]{subsubsection.3.8.2}{\376\377\000S\000h\000a\000r\000e\000d\000\040\000D\000o\000c\000k\000e\000r\000\040\000N\000e\000t\000w\000o\000r\000k\000\040\000a\000n\000d\000\040\000S\000e\000r\000v\000i\000c\000e\000-\000t\000o\000-\000S\000e\000r\000v\000i\000c\000e\000\040\000C\000o\000m\000m\000u\000n\000i\000c\000a\000t\000i\000o\000n}{subsection.3.8}% 83
\BOOKMARK [3][-]{subsubsection.3.8.3}{\376\377\000D\000o\000c\000k\000e\000r\000\040\000I\000m\000a\000g\000e\000\040\000O\000p\000t\000i\000m\000i\000z\000a\000t\000i\000o\000n\000\040\000S\000t\000r\000a\000t\000e\000g\000y}{subsection.3.8}% 84
\BOOKMARK [2][-]{subsection.3.9}{\376\377\000O\000b\000s\000e\000r\000v\000a\000b\000i\000l\000i\000t\000y\000\040\000a\000n\000d\000\040\000M\000o\000n\000i\000t\000o\000r\000i\000n\000g\000\040\000A\000r\000c\000h\000i\000t\000e\000c\000t\000u\000r\000e}{section.3}% 85
\BOOKMARK [3][-]{subsubsection.3.9.1}{\376\377\000L\000a\000m\000i\000n\000a\000r\000-\000B\000a\000s\000e\000d\000\040\000O\000b\000s\000e\000r\000v\000a\000b\000i\000l\000i\000t\000y\000\040\000D\000e\000s\000i\000g\000n}{subsection.3.9}% 86
\BOOKMARK [3][-]{subsubsection.3.9.2}{\376\377\000E\000x\000e\000c\000u\000t\000i\000o\000n\000\040\000T\000r\000a\000c\000i\000n\000g\000\040\000A\000c\000r\000o\000s\000s\000\040\000W\000o\000r\000k\000f\000l\000o\000w\000s}{subsection.3.9}% 87
\BOOKMARK [3][-]{subsubsection.3.9.3}{\376\377\000T\000o\000k\000e\000n\000,\000\040\000C\000o\000s\000t\000,\000\040\000a\000n\000d\000\040\000L\000a\000t\000e\000n\000c\000y\000\040\000M\000o\000n\000i\000t\000o\000r\000i\000n\000g}{subsection.3.9}% 88
\BOOKMARK [3][-]{subsubsection.3.9.4}{\376\377\000L\000o\000g\000s\000\040\000a\000n\000d\000\040\000R\000u\000n\000t\000i\000m\000e\000\040\000M\000o\000n\000i\000t\000o\000r\000i\000n\000g}{subsection.3.9}% 89
\BOOKMARK [2][-]{subsection.3.10}{\376\377\000C\000h\000a\000p\000t\000e\000r\000\040\000S\000u\000m\000m\000a\000r\000y}{section.3}% 90
\BOOKMARK [1][-]{section.4}{\376\377\000I\000m\000p\000l\000e\000m\000e\000n\000t\000a\000t\000i\000o\000n\000,\000\040\000E\000v\000a\000l\000u\000a\000t\000i\000o\000n\000,\000\040\000a\000n\000d\000\040\000R\000e\000s\000u\000l\000t\000s}{}% 91
\BOOKMARK [2][-]{subsection.4.1}{\376\377\000I\000n\000t\000r\000o\000d\000u\000c\000t\000i\000o\000n}{section.4}% 92
\BOOKMARK [2][-]{subsection.4.2}{\376\377\000I\000m\000p\000l\000e\000m\000e\000n\000t\000a\000t\000i\000o\000n\000\040\000E\000n\000v\000i\000r\000o\000n\000m\000e\000n\000t}{section.4}% 93
\BOOKMARK [2][-]{subsection.4.3}{\376\377\000V\000I\000P\000\040\000P\000l\000a\000t\000f\000o\000r\000m\000\040\000I\000m\000p\000l\000e\000m\000e\000n\000t\000a\000t\000i\000o\000n}{section.4}% 94
\BOOKMARK [3][-]{subsubsection.4.3.1}{\376\377\000I\000m\000p\000l\000e\000m\000e\000n\000t\000e\000d\000\040\000U\000s\000e\000\040\000C\000a\000s\000e\000\040\000a\000n\000d\000\040\000E\000x\000e\000c\000u\000t\000i\000o\000n\000\040\000S\000c\000e\000n\000a\000r\000i\000o}{subsection.4.3}% 95
\BOOKMARK [3][-]{subsubsection.4.3.2}{\376\377\000A\000g\000e\000n\000t\000\040\000F\000a\000c\000t\000o\000r\000y\000\040\000I\000m\000p\000l\000e\000m\000e\000n\000t\000a\000t\000i\000o\000n}{subsection.4.3}% 96
\BOOKMARK [3][-]{subsubsection.4.3.3}{\376\377\000G\000e\000n\000e\000r\000a\000t\000e\000d\000\040\000A\000g\000e\000n\000t\000\040\000R\000u\000n\000t\000i\000m\000e\000\040\000I\000m\000p\000l\000e\000m\000e\000n\000t\000a\000t\000i\000o\000n}{subsection.4.3}% 97
\BOOKMARK [3][-]{subsubsection.4.3.4}{\376\377\000V\000a\000l\000i\000d\000a\000t\000i\000o\000n\000\040\000L\000a\000y\000e\000r\000s\000:\000\040\000P\000y\000d\000a\000n\000t\000i\000c\000\040\000a\000n\000d\000\040\000J\000S\000O\000N\000\040\000S\000c\000h\000e\000m\000a}{subsection.4.3}% 98
\BOOKMARK [3][-]{subsubsection.4.3.5}{\376\377\000W\000o\000r\000k\000f\000l\000o\000w\000\040\000O\000r\000c\000h\000e\000s\000t\000r\000a\000t\000i\000o\000n\000\040\000I\000m\000p\000l\000e\000m\000e\000n\000t\000a\000t\000i\000o\000n}{subsection.4.3}% 99
\BOOKMARK [3][-]{subsubsection.4.3.6}{\376\377\000P\000o\000s\000t\000g\000r\000e\000S\000Q\000L\000\040\000P\000e\000r\000s\000i\000s\000t\000e\000n\000c\000e\000\040\000a\000n\000d\000\040\000T\000a\000b\000l\000e\000\040\000M\000o\000d\000e\000l\000s}{subsection.4.3}% 100
\BOOKMARK [3][-]{subsubsection.4.3.7}{\376\377\000D\000o\000c\000k\000e\000r\000-\000B\000a\000s\000e\000d\000\040\000D\000e\000p\000l\000o\000y\000m\000e\000n\000t\000\040\000I\000m\000p\000l\000e\000m\000e\000n\000t\000a\000t\000i\000o\000n}{subsection.4.3}% 101
\BOOKMARK [3][-]{subsubsection.4.3.8}{\376\377\000O\000b\000s\000e\000r\000v\000a\000b\000i\000l\000i\000t\000y\000\040\000I\000m\000p\000l\000e\000m\000e\000n\000t\000a\000t\000i\000o\000n}{subsection.4.3}% 102
\BOOKMARK [2][-]{subsection.4.4}{\376\377\000I\000m\000p\000l\000e\000m\000e\000n\000t\000a\000t\000i\000o\000n\000\040\000o\000f\000\040\000S\000L\000M\000-\000E\000v\000a\000l\000s\000\040\000P\000i\000p\000e\000l\000i\000n\000e}{section.4}% 103
\BOOKMARK [3][-]{subsubsection.4.4.1}{\376\377\000\040\000E\000n\000v\000i\000r\000o\000n\000m\000e\000n\000t\000\040\000a\000n\000d\000\040\000M\000L\000f\000l\000o\000w\000\040\000S\000e\000t\000u\000p}{subsection.4.4}% 104
\BOOKMARK [3][-]{subsubsection.4.4.2}{\376\377\000E\000v\000a\000l\000u\000a\000t\000i\000o\000n\000\040\000D\000a\000t\000a\000s\000e\000t\000\040\000a\000n\000d\000\040\000p\000r\000o\000m\000p\000t\000\040\000R\000e\000g\000i\000s\000t\000r\000a\000t\000i\000o\000n}{subsection.4.4}% 105
\BOOKMARK [3][-]{subsubsection.4.4.3}{\376\377\000B\000a\000s\000e\000l\000i\000n\000e\000\040\000O\000u\000t\000p\000u\000t\000\040\000G\000e\000n\000e\000r\000a\000t\000i\000o\000n}{subsection.4.4}% 106
\BOOKMARK [3][-]{subsubsection.4.4.4}{\376\377\000M\000u\000l\000t\000i\000-\000L\000a\000y\000e\000r\000\040\000E\000v\000a\000l\000u\000a\000t\000i\000o\000n\000\040\000I\000m\000p\000l\000e\000m\000e\000n\000t\000a\000t\000i\000o\000n}{subsection.4.4}% 107
\BOOKMARK [3][-]{subsubsection.4.4.5}{\376\377\000R\000e\000s\000u\000l\000t\000\040\000S\000t\000o\000r\000a\000g\000e\000\040\000a\000n\000d\000\040\000V\000i\000s\000u\000a\000l\000i\000z\000a\000t\000i\000o\000n}{subsection.4.4}% 108
\BOOKMARK [3][-]{subsubsection.4.4.6}{\376\377\000R\000e\000s\000u\000l\000t\000s\000\040\000I\000n\000t\000e\000r\000p\000r\000e\000t\000a\000t\000i\000o\000n}{subsection.4.4}% 109
\BOOKMARK [3][-]{subsubsection.4.4.7}{\376\377\000P\000r\000o\000m\000p\000t\000\040\000E\000n\000h\000a\000n\000c\000e\000m\000e\000n\000t\000\040\000E\000x\000p\000e\000r\000i\000m\000e\000n\000t}{subsection.4.4}% 110
\BOOKMARK [2][-]{subsection.4.5}{\376\377\000R\000e\000s\000u\000l\000t\000s\000\040\000a\000n\000d\000\040\000D\000i\000s\000c\000u\000s\000s\000i\000o\000n}{section.4}% 111
\BOOKMARK [3][-]{subsubsection.4.5.1}{\376\377\000V\000I\000P\000\040\000P\000l\000a\000t\000f\000o\000r\000m\000\040\000R\000e\000s\000u\000l\000t\000s}{subsection.4.5}% 112
\BOOKMARK [2][-]{subsection.4.6}{\376\377\000C\000h\000a\000p\000t\000e\000r\000\040\000S\000u\000m\000m\000a\000r\000y}{section.4}% 113
\BOOKMARK [1][-]{section.5}{\376\377\000C\000o\000n\000c\000l\000u\000s\000i\000o\000n\000\040\000a\000n\000d\000\040\000P\000e\000r\000s\000p\000e\000c\000t\000i\000v\000e\000s}{}% 114
\BOOKMARK [2][-]{subsection.5.1}{\376\377\000G\000e\000n\000e\000r\000a\000l\000\040\000C\000o\000n\000c\000l\000u\000s\000i\000o\000n}{section.5}% 115
\BOOKMARK [2][-]{subsection.5.2}{\376\377\000C\000u\000r\000r\000e\000n\000t\000\040\000L\000i\000m\000i\000t\000a\000t\000i\000o\000n\000s}{section.5}% 116
\BOOKMARK [2][-]{subsection.5.3}{\376\377\000P\000e\000r\000s\000p\000e\000c\000t\000i\000v\000e\000s\000\040\000f\000o\000r\000\040\000F\000u\000t\000u\000r\000e\000\040\000W\000o\000r\000k}{section.5}% 117
